<?xml version="1.0" encoding="UTF-8"?>
<!-- Generated by org.testng.reporters.JUnitReportReporter -->
<testsuite hostname="LAPTOP-9060GQE8" failures="0" tests="3" name="com.PG.Tests.Anthropology" time="243.340" errors="0" timestamp="2021-08-04T17:49:39 IST" skipped="0">
  <testcase classname="com.PG.Tests.Anthropology" name="LoggingIn" time="10.852"/>
  <system-out/>
  <testcase classname="com.PG.Tests.Anthropology" name="AnthropologyWithAtleast45Percentage" time="142.300"/>
  <system-out/>
  <testcase classname="com.PG.Tests.Anthropology" name="AnthropologyWithLessThan45Percentage" time="90.188"/>
  <system-out/>
</testsuite> <!-- com.PG.Tests.Anthropology -->
